# JRE version: Java(TM) SE Runtime Environment (8.0-b132) (build 1.8.0-b132)
# Java VM: Java HotSpot(TM) 64-Bit Server VM (25.0-b70 mixed mode bsd-amd64 compressed oops)
Heap:
 PSYoungGen      total 35840K, used 33099K [0x0000000795580000, 0x0000000797f00000, 0x00000007c0000000)
  eden space 33280K, 99% used [0x0000000795580000,0x00000007975d2ca0,0x0000000797600000)
  from space 2560K, 0% used [0x0000000797780000,0x0000000797780000,0x0000000797a00000)
  to   space 4608K, 0% used [0x0000000797a80000,0x0000000797a80000,0x0000000797f00000)
 ParOldGen       total 39936K, used 13717K [0x0000000740000000, 0x0000000742700000, 0x0000000795580000)
  object space 39936K, 34% used [0x0000000740000000,0x0000000740d655b0,0x0000000742700000)
 Metaspace       used 14081K, capacity 14184K, committed 14208K, reserved 1062912K
  class space    used 1618K, capacity 1658K, committed 1664K, reserved 1048576K
GC Heap History (10 events):
Event: 41.365 GC heap before
{Heap before GC invocations=35 (full 0):
 PSYoungGen      total 41472K, used 34021K [0x0000000795580000, 0x0000000798480000, 0x00000007c0000000)
  eden space 37888K, 88% used [0x0000000795580000,0x0000000797669510,0x0000000797a80000)
  from space 3584K, 8% used [0x0000000798100000,0x0000000798150000,0x0000000798480000)
  to   space 5120K, 0% used [0x0000000797a80000,0x0000000797a80000,0x0000000797f80000)
 ParOldGen       total 129536K, used 91691K [0x0000000740000000, 0x0000000747e80000, 0x0000000795580000)
  object space 129536K, 70% used [0x0000000740000000,0x000000074598aef8,0x0000000747e80000)
 Metaspace       used 14072K, capacity 14184K, committed 14208K, reserved 1062912K
  class space    used 1618K, capacity 1658K, committed 1664K, reserved 1048576K
Event: 41.376 GC heap after
Heap after GC invocations=35 (full 0):
 PSYoungGen      total 36864K, used 160K [0x0000000795580000, 0x0000000798300000, 0x00000007c0000000)
  eden space 36352K, 0% used [0x0000000795580000,0x0000000795580000,0x0000000797900000)
  from space 512K, 31% used [0x0000000797a80000,0x0000000797aa8000,0x0000000797b00000)
  to   space 5120K, 0% used [0x0000000797e00000,0x0000000797e00000,0x0000000798300000)
 ParOldGen       total 129536K, used 110144K [0x0000000740000000, 0x0000000747e80000, 0x0000000795580000)
  object space 129536K, 85% used [0x0000000740000000,0x0000000746b90338,0x0000000747e80000)
 Metaspace       used 14072K, capacity 14184K, committed 14208K, reserved 1062912K
  class space    used 1618K, capacity 1658K, committed 1664K, reserved 1048576K
}
Event: 43.250 GC heap before
{Heap before GC invocations=36 (full 0):
 PSYoungGen      total 36864K, used 33414K [0x0000000795580000, 0x0000000798300000, 0x00000007c0000000)
  eden space 36352K, 91% used [0x0000000795580000,0x00000007975f9998,0x0000000797900000)
  from space 512K, 31% used [0x0000000797a80000,0x0000000797aa8000,0x0000000797b00000)
  to   space 5120K, 0% used [0x0000000797e00000,0x0000000797e00000,0x0000000798300000)
 ParOldGen       total 129536K, used 110144K [0x0000000740000000, 0x0000000747e80000, 0x0000000795580000)
  object space 129536K, 85% used [0x0000000740000000,0x0000000746b90338,0x0000000747e80000)
 Metaspace       used 14074K, capacity 14184K, committed 14208K, reserved 1062912K
  class space    used 1618K, capacity 1658K, committed 1664K, reserved 1048576K
Event: 43.261 GC heap after
Heap after GC invocations=36 (full 0):
 PSYoungGen      total 37376K, used 128K [0x0000000795580000, 0x0000000798080000, 0x00000007c0000000)
  eden space 34816K, 0% used [0x0000000795580000,0x0000000795580000,0x0000000797780000)
  from space 2560K, 5% used [0x0000000797e00000,0x0000000797e20000,0x0000000798080000)
  to   space 4608K, 0% used [0x0000000797780000,0x0000000797780000,0x0000000797c00000)
 ParOldGen       total 129536K, used 128393K [0x0000000740000000, 0x0000000747e80000, 0x0000000795580000)
  object space 129536K, 99% used [0x0000000740000000,0x0000000747d62768,0x0000000747e80000)
 Metaspace       used 14074K, capacity 14184K, committed 14208K, reserved 1062912K
  class space    used 1618K, capacity 1658K, committed 1664K, reserved 1048576K
}
Event: 43.261 GC heap before
{Heap before GC invocations=37 (full 1):
 PSYoungGen      total 37376K, used 128K [0x0000000795580000, 0x0000000798080000, 0x00000007c0000000)
  eden space 34816K, 0% used [0x0000000795580000,0x0000000795580000,0x0000000797780000)
  from space 2560K, 5% used [0x0000000797e00000,0x0000000797e20000,0x0000000798080000)
  to   space 4608K, 0% used [0x0000000797780000,0x0000000797780000,0x0000000797c00000)
 ParOldGen       total 129536K, used 128393K [0x0000000740000000, 0x0000000747e80000, 0x0000000795580000)
  object space 129536K, 99% used [0x0000000740000000,0x0000000747d62768,0x0000000747e80000)
 Metaspace       used 14074K, capacity 14184K, committed 14208K, reserved 1062912K
  class space    used 1618K, capacity 1658K, committed 1664K, reserved 1048576K
Event: 43.286 GC heap after
Heap after GC invocations=37 (full 1):
 PSYoungGen      total 37376K, used 0K [0x0000000795580000, 0x0000000798080000, 0x00000007c0000000)
  eden space 34816K, 0% used [0x0000000795580000,0x0000000795580000,0x0000000797780000)
  from space 2560K, 0% used [0x0000000797e00000,0x0000000797e00000,0x0000000798080000)
  to   space 4608K, 0% used [0x0000000797780000,0x0000000797780000,0x0000000797c00000)
 ParOldGen       total 49152K, used 25873K [0x0000000740000000, 0x0000000743000000, 0x0000000795580000)
  object space 49152K, 52% used [0x0000000740000000,0x0000000741944658,0x0000000743000000)
 Metaspace       used 14074K, capacity 14184K, committed 14208K, reserved 1062912K
  class space    used 1618K, capacity 1658K, committed 1664K, reserved 1048576K
}
Event: 45.032 GC heap before
{Heap before GC invocations=38 (full 1):
 PSYoungGen      total 37376K, used 34816K [0x0000000795580000, 0x0000000798080000, 0x00000007c0000000)
  eden space 34816K, 100% used [0x0000000795580000,0x0000000797780000,0x0000000797780000)
  from space 2560K, 0% used [0x0000000797e00000,0x0000000797e00000,0x0000000798080000)
  to   space 4608K, 0% used [0x0000000797780000,0x0000000797780000,0x0000000797c00000)
 ParOldGen       total 49152K, used 25873K [0x0000000740000000, 0x0000000743000000, 0x0000000795580000)
  object space 49152K, 52% used [0x0000000740000000,0x0000000741944658,0x0000000743000000)
 Metaspace       used 14076K, capacity 14184K, committed 14208K, reserved 1062912K
  class space    used 1618K, capacity 1658K, committed 1664K, reserved 1048576K
Event: 45.036 GC heap after
Heap after GC invocations=38 (full 1):
 PSYoungGen      total 35840K, used 2153K [0x0000000795580000, 0x0000000797f00000, 0x00000007c0000000)
  eden space 33280K, 0% used [0x0000000795580000,0x0000000795580000,0x0000000797600000)
  from space 2560K, 84% used [0x0000000797780000,0x000000079799a410,0x0000000797a00000)
  to   space 4608K, 0% used [0x0000000797a80000,0x0000000797a80000,0x0000000797f00000)
 ParOldGen       total 49152K, used 44098K [0x0000000740000000, 0x0000000743000000, 0x0000000795580000)
  object space 49152K, 89% used [0x0000000740000000,0x0000000742b10a88,0x0000000743000000)
 Metaspace       used 14076K, capacity 14184K, committed 14208K, reserved 1062912K
  class space    used 1618K, capacity 1658K, committed 1664K, reserved 1048576K
}
Event: 45.036 GC heap before
{Heap before GC invocations=39 (full 2):
 PSYoungGen      total 35840K, used 2153K [0x0000000795580000, 0x0000000797f00000, 0x00000007c0000000)
  eden space 33280K, 0% used [0x0000000795580000,0x0000000795580000,0x0000000797600000)
  from space 2560K, 84% used [0x0000000797780000,0x000000079799a410,0x0000000797a00000)
  to   space 4608K, 0% used [0x0000000797a80000,0x0000000797a80000,0x0000000797f00000)
 ParOldGen       total 49152K, used 44098K [0x0000000740000000, 0x0000000743000000, 0x0000000795580000)
  object space 49152K, 89% used [0x0000000740000000,0x0000000742b10a88,0x0000000743000000)
 Metaspace       used 14076K, capacity 14184K, committed 14208K, reserved 1062912K
  class space    used 1618K, capacity 1658K, committed 1664K, reserved 1048576K
Event: 45.053 GC heap after
Heap after GC invocations=39 (full 2):
 PSYoungGen      total 35840K, used 0K [0x0000000795580000, 0x0000000797f00000, 0x00000007c0000000)
  eden space 33280K, 0% used [0x0000000795580000,0x0000000795580000,0x0000000797600000)
  from space 2560K, 0% used [0x0000000797780000,0x0000000797780000,0x0000000797a00000)
  to   space 4608K, 0% used [0x0000000797a80000,0x0000000797a80000,0x0000000797f00000)
 ParOldGen       total 39936K, used 13717K [0x0000000740000000, 0x0000000742700000, 0x0000000795580000)
  object space 39936K, 34% used [0x0000000740000000,0x0000000740d655b0,0x0000000742700000)
 Metaspace       used 14076K, capacity 14184K, committed 14208K, reserved 1062912K
  class space    used 1618K, capacity 1658K, committed 1664K, reserved 1048576K
}

